<?xml version="1.0" encoding="UTF-8"?>
<!-- Generated by org.testng.reporters.JUnitReportReporter -->
<testsuite skipped="0" hostname="LAPTOP-GGIFE68G" name="day10.testNGExamples.Example_Param1" tests="5" failures="0" timestamp="2022-10-19T22:49:09 IST" time="0.010" errors="0">
  <testcase name="param1" time="0.000" classname="day10.testNGExamples.Example_Param1"/>
  <system-out/>
  <testcase name="param1" time="0.002" classname="day10.testNGExamples.Example_Param1"/>
  <system-out/>
  <testcase name="param1" time="0.001" classname="day10.testNGExamples.Example_Param1"/>
  <system-out/>
  <testcase name="param1" time="0.002" classname="day10.testNGExamples.Example_Param1"/>
  <system-out/>
  <testcase name="param1" time="0.005" classname="day10.testNGExamples.Example_Param1"/>
  <system-out/>
</testsuite> <!-- day10.testNGExamples.Example_Param1 -->
