<?xml version="1.0" encoding="UTF-8"?>
<!-- Generated by org.testng.reporters.JUnitReportReporter -->
<testsuite skipped="0" hostname="LAPTOP-GGIFE68G" name="day10.testNGExamples.Example_Annotations2" tests="2" failures="0" timestamp="2022-10-20T01:23:16 IST" time="0.009" errors="0">
  <testcase name="verifyLogin" time="0.008" classname="day10.testNGExamples.Example_Annotations2"/>
  <system-out/>
  <testcase name="createTask" time="0.001" classname="day10.testNGExamples.Example_Annotations2"/>
  <system-out/>
</testsuite> <!-- day10.testNGExamples.Example_Annotations2 -->
