<?xml version="1.0" encoding="UTF-8"?>
<!-- Generated by org.testng.reporters.JUnitReportReporter -->
<testsuite skipped="0" hostname="LAPTOP-GGIFE68G" name="day10.testNGExamples.Example_Param7" tests="2" failures="0" timestamp="2022-10-20T00:32:47 IST" time="0.009" errors="0">
  <testcase name="signin" time="0.000" classname="day10.testNGExamples.Example_Param7"/>
  <system-out/>
  <testcase name="login" time="0.009" classname="day10.testNGExamples.Example_Param7"/>
  <system-out/>
</testsuite> <!-- day10.testNGExamples.Example_Param7 -->
