<?xml version="1.0" encoding="UTF-8"?>
<!-- Generated by org.testng.reporters.JUnitReportReporter -->
<testsuite skipped="0" hostname="LAPTOP-GGIFE68G" name="day10.testNGExamples.Example_Annotations3" tests="2" failures="0" timestamp="2022-10-20T01:31:52 IST" time="0.006" errors="0">
  <testcase name="verifyLogin" time="0.004" classname="day10.testNGExamples.Example_Annotations3"/>
  <system-out/>
  <testcase name="createTask" time="0.002" classname="day10.testNGExamples.Example_Annotations3"/>
  <system-out/>
</testsuite> <!-- day10.testNGExamples.Example_Annotations3 -->
