<?xml version="1.0" encoding="UTF-8"?>
<!-- Generated by org.testng.reporters.JUnitReportReporter -->
<testsuite skipped="0" hostname="LAPTOP-GGIFE68G" name="day10.testNGExamples.Sample1" tests="1" failures="0" timestamp="2022-10-18T22:15:10 IST" time="0.006" errors="0">
  <testcase name="tc1" time="0.006" classname="day10.testNGExamples.Sample1"/>
  <system-out/>
</testsuite> <!-- day10.testNGExamples.Sample1 -->
