<?xml version="1.0" encoding="UTF-8"?>
<!-- Generated by org.testng.reporters.JUnitReportReporter -->
<testsuite skipped="0" hostname="LAPTOP-GGIFE68G" name="day10.testNGExamples.Example_Param5" tests="3" failures="0" timestamp="2022-11-30T15:02:38 IST" time="0.008" errors="0">
  <testcase name="checkNotification" time="0.001" classname="day10.testNGExamples.Example_Param5"/>
  <system-out/>
  <testcase name="signIn" time="0.006" classname="day10.testNGExamples.Example_Param5"/>
  <system-out/>
  <testcase name="login" time="0.001" classname="day10.testNGExamples.Example_Param5"/>
  <system-out/>
</testsuite> <!-- day10.testNGExamples.Example_Param5 -->
