<?xml version="1.0" encoding="UTF-8"?>
<!-- Generated by org.testng.reporters.JUnitReportReporter -->
<testsuite skipped="0" hostname="LAPTOP-GGIFE68G" name="day10.testNGExamples.Example_Param6" tests="3" failures="0" timestamp="2022-11-30T18:23:25 IST" time="0.527" errors="0">
  <testcase name="checkNotification" time="0.506" classname="day10.testNGExamples.Example_Param6"/>
  <system-out/>
  <testcase name="signIn" time="0.020" classname="day10.testNGExamples.Example_Param6"/>
  <system-out/>
  <testcase name="login" time="0.001" classname="day10.testNGExamples.Example_Param6"/>
  <system-out/>
</testsuite> <!-- day10.testNGExamples.Example_Param6 -->
