<?xml version="1.0" encoding="UTF-8"?>
<!-- Generated by org.testng.reporters.JUnitReportReporter -->
<testsuite skipped="0" hostname="LAPTOP-GGIFE68G" name="day10.testNGExamples.Example_Annotations" tests="2" failures="0" timestamp="2022-10-20T01:20:15 IST" time="0.006" errors="0">
  <testcase name="verifyLogin" time="0.005" classname="day10.testNGExamples.Example_Annotations"/>
  <system-out/>
  <testcase name="createTask" time="0.001" classname="day10.testNGExamples.Example_Annotations"/>
  <system-out/>
</testsuite> <!-- day10.testNGExamples.Example_Annotations -->
