<?xml version="1.0" encoding="UTF-8"?>
<!-- Generated by org.testng.reporters.JUnitReportReporter -->
<testsuite skipped="1" hostname="LAPTOP-GGIFE68G" name="day10.testNGExamples.Example_Param3" tests="3" failures="0" timestamp="2022-10-19T22:56:45 IST" time="0.005" errors="0">
  <testcase name="param3" time="0.001" classname="day10.testNGExamples.Example_Param3"/>
  <system-out/>
  <testcase name="param1" time="0.004" classname="day10.testNGExamples.Example_Param3"/>
  <system-out/>
  <testcase name="param2" classname="day10.testNGExamples.Example_Param3">
    <skipped/>
  </testcase> <!-- param2 -->
  <system-out/>
</testsuite> <!-- day10.testNGExamples.Example_Param3 -->
