<?xml version="1.0" encoding="UTF-8"?>
<!-- Generated by org.testng.reporters.JUnitReportReporter -->
<testsuite skipped="0" hostname="LAPTOP-GGIFE68G" name="day10.testNGExamples.sample4" tests="2" failures="0" timestamp="2022-11-28T15:58:48 IST" time="0.008" errors="0">
  <testcase name="tc4" time="0.000" classname="day10.testNGExamples.sample4"/>
  <system-out/>
  <testcase name="tc1" time="0.008" classname="day10.testNGExamples.sample4"/>
  <system-out/>
</testsuite> <!-- day10.testNGExamples.sample4 -->
